<?xml version="1.0" encoding="UTF-8"?>
<testng-results skipped="0" failed="0" total="25" passed="25">
  <reporter-output>
  </reporter-output>
  <suite name="EmployeeRestAPIsuite" duration-ms="18348" started-at="2022-08-19T08:30:13Z" finished-at="2022-08-19T08:30:31Z">
    <groups>
    </groups>
    <test name="Test" duration-ms="18348" started-at="2022-08-19T08:30:13Z" finished-at="2022-08-19T08:30:31Z">
      <class name="employee.testcases.TC002_Get_Single_Employees_Record">
        <test-method status="PASS" signature="setup()[pri:0, instance:employee.testcases.TC002_Get_Single_Employees_Record@e580929]" name="setup" is-config="true" duration-ms="3" started-at="2022-08-19T14:00:22Z" finished-at="2022-08-19T14:00:22Z">
          <reporter-output>
          </reporter-output>
        </test-method> <!-- setup -->
        <test-method status="PASS" signature="getSingleEmployees()[pri:0, instance:employee.testcases.TC002_Get_Single_Employees_Record@e580929]" name="getSingleEmployees" is-config="true" duration-ms="3613" started-at="2022-08-19T14:00:22Z" finished-at="2022-08-19T14:00:26Z">
          <reporter-output>
          </reporter-output>
        </test-method> <!-- getSingleEmployees -->
        <test-method status="PASS" signature="checkContentLength()[pri:0, instance:employee.testcases.TC002_Get_Single_Employees_Record@e580929]" name="checkContentLength" duration-ms="1" started-at="2022-08-19T14:00:26Z" finished-at="2022-08-19T14:00:26Z">
          <reporter-output>
          </reporter-output>
        </test-method> <!-- checkContentLength -->
        <test-method status="PASS" signature="checkContentType()[pri:0, instance:employee.testcases.TC002_Get_Single_Employees_Record@e580929]" name="checkContentType" duration-ms="2" started-at="2022-08-19T14:00:26Z" finished-at="2022-08-19T14:00:26Z">
          <reporter-output>
          </reporter-output>
        </test-method> <!-- checkContentType -->
        <test-method status="PASS" signature="checkResponseBody()[pri:0, instance:employee.testcases.TC002_Get_Single_Employees_Record@e580929]" name="checkResponseBody" duration-ms="3" started-at="2022-08-19T14:00:26Z" finished-at="2022-08-19T14:00:26Z">
          <reporter-output>
          </reporter-output>
        </test-method> <!-- checkResponseBody -->
        <test-method status="PASS" signature="checkStatusCode()[pri:0, instance:employee.testcases.TC002_Get_Single_Employees_Record@e580929]" name="checkStatusCode" duration-ms="2" started-at="2022-08-19T14:00:26Z" finished-at="2022-08-19T14:00:26Z">
          <reporter-output>
          </reporter-output>
        </test-method> <!-- checkStatusCode -->
        <test-method status="PASS" signature="checkStatusLine()[pri:0, instance:employee.testcases.TC002_Get_Single_Employees_Record@e580929]" name="checkStatusLine" duration-ms="1" started-at="2022-08-19T14:00:26Z" finished-at="2022-08-19T14:00:26Z">
          <reporter-output>
          </reporter-output>
        </test-method> <!-- checkStatusLine -->
        <test-method status="PASS" signature="tearDown()[pri:0, instance:employee.testcases.TC002_Get_Single_Employees_Record@e580929]" name="tearDown" is-config="true" duration-ms="1" started-at="2022-08-19T14:00:26Z" finished-at="2022-08-19T14:00:26Z">
          <reporter-output>
          </reporter-output>
        </test-method> <!-- tearDown -->
      </class> <!-- employee.testcases.TC002_Get_Single_Employees_Record -->
      <class name="employee.testcases.TC001_Get_All_Employees">
        <test-method status="PASS" signature="setup()[pri:0, instance:employee.testcases.TC001_Get_All_Employees@7c75222b]" name="setup" is-config="true" duration-ms="6" started-at="2022-08-19T14:00:31Z" finished-at="2022-08-19T14:00:31Z">
          <reporter-output>
          </reporter-output>
        </test-method> <!-- setup -->
        <test-method status="PASS" signature="getAllEmployees()[pri:0, instance:employee.testcases.TC001_Get_All_Employees@7c75222b]" name="getAllEmployees" is-config="true" duration-ms="36" started-at="2022-08-19T14:00:31Z" finished-at="2022-08-19T14:00:31Z">
          <reporter-output>
          </reporter-output>
        </test-method> <!-- getAllEmployees -->
        <test-method status="PASS" signature="checkContentLength()[pri:0, instance:employee.testcases.TC001_Get_All_Employees@7c75222b]" name="checkContentLength" duration-ms="2" started-at="2022-08-19T14:00:31Z" finished-at="2022-08-19T14:00:31Z">
          <reporter-output>
          </reporter-output>
        </test-method> <!-- checkContentLength -->
        <test-method status="PASS" signature="checkContentType()[pri:0, instance:employee.testcases.TC001_Get_All_Employees@7c75222b]" name="checkContentType" duration-ms="2" started-at="2022-08-19T14:00:31Z" finished-at="2022-08-19T14:00:31Z">
          <reporter-output>
          </reporter-output>
        </test-method> <!-- checkContentType -->
        <test-method status="PASS" signature="checkCookies()[pri:0, instance:employee.testcases.TC001_Get_All_Employees@7c75222b]" name="checkCookies" duration-ms="2" started-at="2022-08-19T14:00:31Z" finished-at="2022-08-19T14:00:31Z">
          <reporter-output>
          </reporter-output>
        </test-method> <!-- checkCookies -->
        <test-method status="PASS" signature="checkResponseBody()[pri:0, instance:employee.testcases.TC001_Get_All_Employees@7c75222b]" name="checkResponseBody" duration-ms="4" started-at="2022-08-19T14:00:31Z" finished-at="2022-08-19T14:00:31Z">
          <reporter-output>
          </reporter-output>
        </test-method> <!-- checkResponseBody -->
        <test-method status="PASS" signature="checkResponseTime()[pri:0, instance:employee.testcases.TC001_Get_All_Employees@7c75222b]" name="checkResponseTime" duration-ms="12" started-at="2022-08-19T14:00:31Z" finished-at="2022-08-19T14:00:31Z">
          <reporter-output>
          </reporter-output>
        </test-method> <!-- checkResponseTime -->
        <test-method status="PASS" signature="checkStatusCode()[pri:0, instance:employee.testcases.TC001_Get_All_Employees@7c75222b]" name="checkStatusCode" duration-ms="1" started-at="2022-08-19T14:00:31Z" finished-at="2022-08-19T14:00:31Z">
          <reporter-output>
          </reporter-output>
        </test-method> <!-- checkStatusCode -->
        <test-method status="PASS" signature="checkStatusLine()[pri:0, instance:employee.testcases.TC001_Get_All_Employees@7c75222b]" name="checkStatusLine" duration-ms="2" started-at="2022-08-19T14:00:31Z" finished-at="2022-08-19T14:00:31Z">
          <reporter-output>
          </reporter-output>
        </test-method> <!-- checkStatusLine -->
        <test-method status="PASS" signature="tearDown()[pri:0, instance:employee.testcases.TC001_Get_All_Employees@7c75222b]" name="tearDown" is-config="true" duration-ms="1" started-at="2022-08-19T14:00:31Z" finished-at="2022-08-19T14:00:31Z">
          <reporter-output>
          </reporter-output>
        </test-method> <!-- tearDown -->
      </class> <!-- employee.testcases.TC001_Get_All_Employees -->
      <class name="employee.testcases.TC003_Post_Employee">
        <test-method status="PASS" signature="setup()[pri:0, instance:employee.testcases.TC003_Post_Employee@6b71769e]" name="setup" is-config="true" duration-ms="78" started-at="2022-08-19T14:00:13Z" finished-at="2022-08-19T14:00:14Z">
          <reporter-output>
          </reporter-output>
        </test-method> <!-- setup -->
        <test-method status="PASS" signature="postEmployee()[pri:0, instance:employee.testcases.TC003_Post_Employee@6b71769e]" name="postEmployee" is-config="true" duration-ms="8405" started-at="2022-08-19T14:00:14Z" finished-at="2022-08-19T14:00:22Z">
          <reporter-output>
          </reporter-output>
        </test-method> <!-- postEmployee -->
        <test-method status="PASS" signature="checkContentType()[pri:0, instance:employee.testcases.TC003_Post_Employee@6b71769e]" name="checkContentType" duration-ms="15" started-at="2022-08-19T14:00:22Z" finished-at="2022-08-19T14:00:22Z">
          <reporter-output>
          </reporter-output>
        </test-method> <!-- checkContentType -->
        <test-method status="PASS" signature="checkResponseBody()[pri:0, instance:employee.testcases.TC003_Post_Employee@6b71769e]" name="checkResponseBody" duration-ms="28" started-at="2022-08-19T14:00:22Z" finished-at="2022-08-19T14:00:22Z">
          <reporter-output>
          </reporter-output>
        </test-method> <!-- checkResponseBody -->
        <test-method status="PASS" signature="checkStatusCode()[pri:0, instance:employee.testcases.TC003_Post_Employee@6b71769e]" name="checkStatusCode" duration-ms="3" started-at="2022-08-19T14:00:22Z" finished-at="2022-08-19T14:00:22Z">
          <reporter-output>
          </reporter-output>
        </test-method> <!-- checkStatusCode -->
        <test-method status="PASS" signature="checkStatusLine()[pri:0, instance:employee.testcases.TC003_Post_Employee@6b71769e]" name="checkStatusLine" duration-ms="1" started-at="2022-08-19T14:00:22Z" finished-at="2022-08-19T14:00:22Z">
          <reporter-output>
          </reporter-output>
        </test-method> <!-- checkStatusLine -->
        <test-method status="PASS" signature="tearDown()[pri:0, instance:employee.testcases.TC003_Post_Employee@6b71769e]" name="tearDown" is-config="true" duration-ms="1" started-at="2022-08-19T14:00:22Z" finished-at="2022-08-19T14:00:22Z">
          <reporter-output>
          </reporter-output>
        </test-method> <!-- tearDown -->
      </class> <!-- employee.testcases.TC003_Post_Employee -->
      <class name="employee.testcases.TC005_Delete_Employee_Record">
        <test-method status="PASS" signature="setup()[pri:0, instance:employee.testcases.TC005_Delete_Employee_Record@2752f6e2]" name="setup" is-config="true" duration-ms="7" started-at="2022-08-19T14:00:22Z" finished-at="2022-08-19T14:00:22Z">
          <reporter-output>
          </reporter-output>
        </test-method> <!-- setup -->
        <test-method status="PASS" signature="deleteEmployee()[pri:0, instance:employee.testcases.TC005_Delete_Employee_Record@2752f6e2]" name="deleteEmployee" is-config="true" duration-ms="46" started-at="2022-08-19T14:00:22Z" finished-at="2022-08-19T14:00:22Z">
          <reporter-output>
          </reporter-output>
        </test-method> <!-- deleteEmployee -->
        <test-method status="PASS" signature="checkContentType()[pri:0, instance:employee.testcases.TC005_Delete_Employee_Record@2752f6e2]" name="checkContentType" duration-ms="2" started-at="2022-08-19T14:00:22Z" finished-at="2022-08-19T14:00:22Z">
          <reporter-output>
          </reporter-output>
        </test-method> <!-- checkContentType -->
        <test-method status="PASS" signature="checkResponseBody()[pri:0, instance:employee.testcases.TC005_Delete_Employee_Record@2752f6e2]" name="checkResponseBody" duration-ms="9" started-at="2022-08-19T14:00:22Z" finished-at="2022-08-19T14:00:22Z">
          <reporter-output>
          </reporter-output>
        </test-method> <!-- checkResponseBody -->
        <test-method status="PASS" signature="checkStatusCode()[pri:0, instance:employee.testcases.TC005_Delete_Employee_Record@2752f6e2]" name="checkStatusCode" duration-ms="1" started-at="2022-08-19T14:00:22Z" finished-at="2022-08-19T14:00:22Z">
          <reporter-output>
          </reporter-output>
        </test-method> <!-- checkStatusCode -->
        <test-method status="PASS" signature="checkStatusLine()[pri:0, instance:employee.testcases.TC005_Delete_Employee_Record@2752f6e2]" name="checkStatusLine" duration-ms="4" started-at="2022-08-19T14:00:22Z" finished-at="2022-08-19T14:00:22Z">
          <reporter-output>
          </reporter-output>
        </test-method> <!-- checkStatusLine -->
        <test-method status="PASS" signature="checkcontentlength()[pri:0, instance:employee.testcases.TC005_Delete_Employee_Record@2752f6e2]" name="checkcontentlength" duration-ms="2" started-at="2022-08-19T14:00:22Z" finished-at="2022-08-19T14:00:22Z">
          <reporter-output>
          </reporter-output>
        </test-method> <!-- checkcontentlength -->
        <test-method status="PASS" signature="tearDown()[pri:0, instance:employee.testcases.TC005_Delete_Employee_Record@2752f6e2]" name="tearDown" is-config="true" duration-ms="1" started-at="2022-08-19T14:00:22Z" finished-at="2022-08-19T14:00:22Z">
          <reporter-output>
          </reporter-output>
        </test-method> <!-- tearDown -->
      </class> <!-- employee.testcases.TC005_Delete_Employee_Record -->
      <class name="employee.testcases.TC004_Put_Employee_Record">
        <test-method status="PASS" signature="setup()[pri:0, instance:employee.testcases.TC004_Put_Employee_Record@1cd072a9]" name="setup" is-config="true" duration-ms="4" started-at="2022-08-19T14:00:26Z" finished-at="2022-08-19T14:00:26Z">
          <reporter-output>
          </reporter-output>
        </test-method> <!-- setup -->
        <test-method status="PASS" signature="putEmployee()[pri:0, instance:employee.testcases.TC004_Put_Employee_Record@1cd072a9]" name="putEmployee" is-config="true" duration-ms="5078" started-at="2022-08-19T14:00:26Z" finished-at="2022-08-19T14:00:31Z">
          <reporter-output>
          </reporter-output>
        </test-method> <!-- putEmployee -->
        <test-method status="PASS" signature="checkContentType()[pri:0, instance:employee.testcases.TC004_Put_Employee_Record@1cd072a9]" name="checkContentType" duration-ms="2" started-at="2022-08-19T14:00:31Z" finished-at="2022-08-19T14:00:31Z">
          <reporter-output>
          </reporter-output>
        </test-method> <!-- checkContentType -->
        <test-method status="PASS" signature="checkResponseBody()[pri:0, instance:employee.testcases.TC004_Put_Employee_Record@1cd072a9]" name="checkResponseBody" duration-ms="4" started-at="2022-08-19T14:00:31Z" finished-at="2022-08-19T14:00:31Z">
          <reporter-output>
          </reporter-output>
        </test-method> <!-- checkResponseBody -->
        <test-method status="PASS" signature="checkStatusCode()[pri:0, instance:employee.testcases.TC004_Put_Employee_Record@1cd072a9]" name="checkStatusCode" duration-ms="1" started-at="2022-08-19T14:00:31Z" finished-at="2022-08-19T14:00:31Z">
          <reporter-output>
          </reporter-output>
        </test-method> <!-- checkStatusCode -->
        <test-method status="PASS" signature="checkStatusLine()[pri:0, instance:employee.testcases.TC004_Put_Employee_Record@1cd072a9]" name="checkStatusLine" duration-ms="2" started-at="2022-08-19T14:00:31Z" finished-at="2022-08-19T14:00:31Z">
          <reporter-output>
          </reporter-output>
        </test-method> <!-- checkStatusLine -->
        <test-method status="PASS" signature="tearDown()[pri:0, instance:employee.testcases.TC004_Put_Employee_Record@1cd072a9]" name="tearDown" is-config="true" duration-ms="2" started-at="2022-08-19T14:00:31Z" finished-at="2022-08-19T14:00:31Z">
          <reporter-output>
          </reporter-output>
        </test-method> <!-- tearDown -->
      </class> <!-- employee.testcases.TC004_Put_Employee_Record -->
    </test> <!-- Test -->
  </suite> <!-- EmployeeRestAPIsuite -->
</testng-results>
