<?xml version="1.0" encoding="UTF-8"?>
<!-- Generated by org.testng.reporters.JUnitXMLReporter -->
<testsuite hostname="DESKTOP-EMFCA0S" name="Test" tests="32" failures="16" timestamp="11 Aug 2022 07:58:56 GMT" time="30.449" errors="0">
  <testcase name="checkContentType" time="0.019" classname="employee.testcases.TC003_Post_Employee">
    <failure type="java.lang.AssertionError" message="expected [application/json] but found [text/html; charset=UTF-8]">
      <![CDATA[java.lang.AssertionError: expected [application/json] but found [text/html; charset=UTF-8]
	at employee.testcases.TC003_Post_Employee.checkContentType(TC003_Post_Employee.java:78)
... Removed 30 stack frames]]>
    </failure>
  </testcase> <!-- checkContentType -->
  <testcase name="checkResponseBody" time="0.135" classname="employee.testcases.TC003_Post_Employee">
    <failure type="java.lang.AssertionError" message="expected [true] but found [false]">
      <![CDATA[java.lang.AssertionError: expected [true] but found [false]
	at employee.testcases.TC003_Post_Employee.checkResponseBody(TC003_Post_Employee.java:54)
... Removed 30 stack frames]]>
    </failure>
  </testcase> <!-- checkResponseBody -->
  <testcase name="checkServerType" time="0.001" classname="employee.testcases.TC003_Post_Employee"/>
  <testcase name="checkStatusCode" time="0.0" classname="employee.testcases.TC003_Post_Employee">
    <failure type="java.lang.AssertionError" message="expected [200] but found [429]">
      <![CDATA[java.lang.AssertionError: expected [200] but found [429]
	at employee.testcases.TC003_Post_Employee.checkStatusCode(TC003_Post_Employee.java:63)
... Removed 30 stack frames]]>
    </failure>
  </testcase> <!-- checkStatusCode -->
  <testcase name="checkStatusLine" time="0.001" classname="employee.testcases.TC003_Post_Employee">
    <failure type="java.lang.AssertionError" message="expected [HTTP/1.1 200 OK] but found [HTTP/1.1 429 Too Many Requests]">
      <![CDATA[java.lang.AssertionError: expected [HTTP/1.1 200 OK] but found [HTTP/1.1 429 Too Many Requests]
	at employee.testcases.TC003_Post_Employee.checkStatusLine(TC003_Post_Employee.java:70)
... Removed 30 stack frames]]>
    </failure>
  </testcase> <!-- checkStatusLine -->
  <testcase name="checkcontentEncoding" time="0.001" classname="employee.testcases.TC003_Post_Employee"/>
  <testcase name="checkContentType" time="0.002" classname="employee.testcases.TC005_Delete_Employee_Record">
    <failure type="java.lang.AssertionError" message="expected [application/xml] but found [application/xml;charset=UTF-8]">
      <![CDATA[java.lang.AssertionError: expected [application/xml] but found [application/xml;charset=UTF-8]
	at employee.testcases.TC005_Delete_Employee_Record.checkContentType(TC005_Delete_Employee_Record.java:66)
... Removed 30 stack frames]]>
    </failure>
  </testcase> <!-- checkContentType -->
  <testcase name="checkResponseBody" time="0.047" classname="employee.testcases.TC005_Delete_Employee_Record">
    <failure type="java.lang.AssertionError" message="expected [true] but found [false]">
      <![CDATA[java.lang.AssertionError: expected [true] but found [false]
	at employee.testcases.TC005_Delete_Employee_Record.checkResponseBody(TC005_Delete_Employee_Record.java:44)
... Removed 30 stack frames]]>
    </failure>
  </testcase> <!-- checkResponseBody -->
  <testcase name="checkStatusCode" time="0.002" classname="employee.testcases.TC005_Delete_Employee_Record">
    <failure type="java.lang.AssertionError" message="expected [200] but found [404]">
      <![CDATA[java.lang.AssertionError: expected [200] but found [404]
	at employee.testcases.TC005_Delete_Employee_Record.checkStatusCode(TC005_Delete_Employee_Record.java:51)
... Removed 30 stack frames]]>
    </failure>
  </testcase> <!-- checkStatusCode -->
  <testcase name="checkStatusLine" time="0.001" classname="employee.testcases.TC005_Delete_Employee_Record">
    <failure type="java.lang.AssertionError" message="expected [HTTP/1.1 200 ] but found [HTTP/1.1 404 ]">
      <![CDATA[java.lang.AssertionError: expected [HTTP/1.1 200 ] but found [HTTP/1.1 404 ]
	at employee.testcases.TC005_Delete_Employee_Record.checkStatusLine(TC005_Delete_Employee_Record.java:58)
... Removed 30 stack frames]]>
    </failure>
  </testcase> <!-- checkStatusLine -->
  <testcase name="checkcontentlength" time="0.001" classname="employee.testcases.TC005_Delete_Employee_Record">
    <failure type="java.lang.AssertionError" message="expected [41] but found [null]">
      <![CDATA[java.lang.AssertionError: expected [41] but found [null]
	at employee.testcases.TC005_Delete_Employee_Record.checkcontentlength(TC005_Delete_Employee_Record.java:81)
... Removed 30 stack frames]]>
    </failure>
  </testcase> <!-- checkcontentlength -->
  <testcase name="checkContentLength" time="0.002" classname="employee.testcases.TC002_Get_Single_Employees_Record"/>
  <testcase name="checkContentType" time="0.002" classname="employee.testcases.TC002_Get_Single_Employees_Record"/>
  <testcase name="checkResponseBody" time="0.003" classname="employee.testcases.TC002_Get_Single_Employees_Record"/>
  <testcase name="checkServerType" time="0.002" classname="employee.testcases.TC002_Get_Single_Employees_Record"/>
  <testcase name="checkStatusCode" time="0.001" classname="employee.testcases.TC002_Get_Single_Employees_Record"/>
  <testcase name="checkStatusLine" time="0.007" classname="employee.testcases.TC002_Get_Single_Employees_Record"/>
  <testcase name="checkContentType" time="0.002" classname="employee.testcases.TC004_Put_Employee_Record">
    <failure type="java.lang.AssertionError" message="expected [application/json] but found [text/html; charset=UTF-8]">
      <![CDATA[java.lang.AssertionError: expected [application/json] but found [text/html; charset=UTF-8]
	at employee.testcases.TC004_Put_Employee_Record.checkContentType(TC004_Put_Employee_Record.java:78)
... Removed 30 stack frames]]>
    </failure>
  </testcase> <!-- checkContentType -->
  <testcase name="checkResponseBody" time="0.003" classname="employee.testcases.TC004_Put_Employee_Record">
    <failure type="java.lang.AssertionError" message="expected [true] but found [false]">
      <![CDATA[java.lang.AssertionError: expected [true] but found [false]
	at employee.testcases.TC004_Put_Employee_Record.checkResponseBody(TC004_Put_Employee_Record.java:54)
... Removed 30 stack frames]]>
    </failure>
  </testcase> <!-- checkResponseBody -->
  <testcase name="checkServerType" time="0.002" classname="employee.testcases.TC004_Put_Employee_Record"/>
  <testcase name="checkStatusCode" time="0.007" classname="employee.testcases.TC004_Put_Employee_Record">
    <failure type="java.lang.AssertionError" message="expected [200] but found [429]">
      <![CDATA[java.lang.AssertionError: expected [200] but found [429]
	at employee.testcases.TC004_Put_Employee_Record.checkStatusCode(TC004_Put_Employee_Record.java:63)
... Removed 30 stack frames]]>
    </failure>
  </testcase> <!-- checkStatusCode -->
  <testcase name="checkStatusLine" time="0.003" classname="employee.testcases.TC004_Put_Employee_Record">
    <failure type="java.lang.AssertionError" message="expected [HTTP/1.1 200 OK] but found [HTTP/1.1 429 Too Many Requests]">
      <![CDATA[java.lang.AssertionError: expected [HTTP/1.1 200 OK] but found [HTTP/1.1 429 Too Many Requests]
	at employee.testcases.TC004_Put_Employee_Record.checkStatusLine(TC004_Put_Employee_Record.java:70)
... Removed 30 stack frames]]>
    </failure>
  </testcase> <!-- checkStatusLine -->
  <testcase name="checkcontentEncoding" time="0.001" classname="employee.testcases.TC004_Put_Employee_Record"/>
  <testcase name="checkContentLength" time="0.004" classname="employee.testcases.TC001_Get_All_Employees"/>
  <testcase name="checkContentType" time="0.004" classname="employee.testcases.TC001_Get_All_Employees">
    <failure type="java.lang.AssertionError" message="expected [application/json] but found [text/html; charset=UTF-8]">
      <![CDATA[java.lang.AssertionError: expected [application/json] but found [text/html; charset=UTF-8]
	at employee.testcases.TC001_Get_All_Employees.checkContentType(TC001_Get_All_Employees.java:77)
... Removed 30 stack frames]]>
    </failure>
  </testcase> <!-- checkContentType -->
  <testcase name="checkCookies" time="0.002" classname="employee.testcases.TC001_Get_All_Employees"/>
  <testcase name="checkResponseBody" time="0.005" classname="employee.testcases.TC001_Get_All_Employees"/>
  <testcase name="checkResponseTime" time="0.003" classname="employee.testcases.TC001_Get_All_Employees"/>
  <testcase name="checkServerType" time="0.002" classname="employee.testcases.TC001_Get_All_Employees"/>
  <testcase name="checkStatusCode" time="0.001" classname="employee.testcases.TC001_Get_All_Employees">
    <failure type="java.lang.AssertionError" message="expected [200] but found [429]">
      <![CDATA[java.lang.AssertionError: expected [200] but found [429]
	at employee.testcases.TC001_Get_All_Employees.checkStatusCode(TC001_Get_All_Employees.java:41)
... Removed 30 stack frames]]>
    </failure>
  </testcase> <!-- checkStatusCode -->
  <testcase name="checkStatusLine" time="0.002" classname="employee.testcases.TC001_Get_All_Employees">
    <failure type="java.lang.AssertionError" message="expected [HTTP/1.1 200 OK] but found [HTTP/1.1 429 Too Many Requests]">
      <![CDATA[java.lang.AssertionError: expected [HTTP/1.1 200 OK] but found [HTTP/1.1 429 Too Many Requests]
	at employee.testcases.TC001_Get_All_Employees.checkStatusLine(TC001_Get_All_Employees.java:66)
... Removed 30 stack frames]]>
    </failure>
  </testcase> <!-- checkStatusLine -->
  <testcase name="checkcontentEncoding" time="0.002" classname="employee.testcases.TC001_Get_All_Employees"/>
</testsuite> <!-- Test -->
