<?xml version="1.0" encoding="UTF-8"?>
<!-- Generated by org.testng.reporters.JUnitXMLReporter -->
<testsuite hostname="DESKTOP-EMFCA0S" name="Default test" tests="5" failures="0" timestamp="19 Aug 2022 08:29:22 GMT" time="4.274" errors="0">
  <testcase name="checkContentType" time="0.009" classname="employee.testcases.TC005_Delete_Employee_Record"/>
  <testcase name="checkResponseBody" time="0.037" classname="employee.testcases.TC005_Delete_Employee_Record"/>
  <testcase name="checkStatusCode" time="0.003" classname="employee.testcases.TC005_Delete_Employee_Record"/>
  <testcase name="checkStatusLine" time="0.001" classname="employee.testcases.TC005_Delete_Employee_Record"/>
  <testcase name="checkcontentlength" time="0.003" classname="employee.testcases.TC005_Delete_Employee_Record"/>
</testsuite> <!-- Default test -->
