<?xml version="1.0" encoding="UTF-8"?>
<!-- Generated by org.testng.reporters.JUnitXMLReporter -->
<testsuite hostname="DESKTOP-EMFCA0S" name="Default test" tests="5" failures="0" timestamp="12 Aug 2022 12:26:28 GMT" time="9.432" errors="0">
  <testcase name="checkContentType" time="0.011" classname="employee.testcases.TC005_Delete_Employee_Record"/>
  <testcase name="checkResponseBody" time="0.039" classname="employee.testcases.TC005_Delete_Employee_Record"/>
  <testcase name="checkStatusCode" time="0.001" classname="employee.testcases.TC005_Delete_Employee_Record"/>
  <testcase name="checkStatusLine" time="0.001" classname="employee.testcases.TC005_Delete_Employee_Record"/>
  <testcase name="checkcontentlength" time="0.001" classname="employee.testcases.TC005_Delete_Employee_Record"/>
</testsuite> <!-- Default test -->
