<?xml version="1.0" encoding="UTF-8"?>
<!-- Generated by org.testng.reporters.JUnitXMLReporter -->
<testsuite hostname="DESKTOP-EMFCA0S" name="Test" tests="25" failures="0" timestamp="19 Aug 2022 08:30:31 GMT" time="18.348" errors="0">
  <testcase name="checkContentType" time="0.015" classname="employee.testcases.TC003_Post_Employee"/>
  <testcase name="checkResponseBody" time="0.028" classname="employee.testcases.TC003_Post_Employee"/>
  <testcase name="checkStatusCode" time="0.003" classname="employee.testcases.TC003_Post_Employee"/>
  <testcase name="checkStatusLine" time="0.001" classname="employee.testcases.TC003_Post_Employee"/>
  <testcase name="checkContentType" time="0.002" classname="employee.testcases.TC005_Delete_Employee_Record"/>
  <testcase name="checkResponseBody" time="0.009" classname="employee.testcases.TC005_Delete_Employee_Record"/>
  <testcase name="checkStatusCode" time="0.001" classname="employee.testcases.TC005_Delete_Employee_Record"/>
  <testcase name="checkStatusLine" time="0.004" classname="employee.testcases.TC005_Delete_Employee_Record"/>
  <testcase name="checkcontentlength" time="0.002" classname="employee.testcases.TC005_Delete_Employee_Record"/>
  <testcase name="checkContentLength" time="0.001" classname="employee.testcases.TC002_Get_Single_Employees_Record"/>
  <testcase name="checkContentType" time="0.002" classname="employee.testcases.TC002_Get_Single_Employees_Record"/>
  <testcase name="checkResponseBody" time="0.003" classname="employee.testcases.TC002_Get_Single_Employees_Record"/>
  <testcase name="checkStatusCode" time="0.002" classname="employee.testcases.TC002_Get_Single_Employees_Record"/>
  <testcase name="checkStatusLine" time="0.001" classname="employee.testcases.TC002_Get_Single_Employees_Record"/>
  <testcase name="checkContentType" time="0.002" classname="employee.testcases.TC004_Put_Employee_Record"/>
  <testcase name="checkResponseBody" time="0.004" classname="employee.testcases.TC004_Put_Employee_Record"/>
  <testcase name="checkStatusCode" time="0.001" classname="employee.testcases.TC004_Put_Employee_Record"/>
  <testcase name="checkStatusLine" time="0.002" classname="employee.testcases.TC004_Put_Employee_Record"/>
  <testcase name="checkContentLength" time="0.002" classname="employee.testcases.TC001_Get_All_Employees"/>
  <testcase name="checkContentType" time="0.002" classname="employee.testcases.TC001_Get_All_Employees"/>
  <testcase name="checkCookies" time="0.002" classname="employee.testcases.TC001_Get_All_Employees"/>
  <testcase name="checkResponseBody" time="0.004" classname="employee.testcases.TC001_Get_All_Employees"/>
  <testcase name="checkResponseTime" time="0.012" classname="employee.testcases.TC001_Get_All_Employees"/>
  <testcase name="checkStatusCode" time="0.001" classname="employee.testcases.TC001_Get_All_Employees"/>
  <testcase name="checkStatusLine" time="0.002" classname="employee.testcases.TC001_Get_All_Employees"/>
</testsuite> <!-- Test -->
