<?xml version="1.0" encoding="UTF-8"?>
<!-- Generated by org.testng.reporters.JUnitXMLReporter -->
<testsuite hostname="DESKTOP-EMFCA0S" name="Test" tests="32" failures="12" timestamp="12 Aug 2022 12:31:44 GMT" time="197.086" errors="0">
  <testcase name="@BeforeClass getAllEmployees" time="0.0" classname="employee.testcases.TC001_Get_All_Employees">
    <failure type="java.net.UnknownHostException" message="dummy.restapiexample.com">
      <![CDATA[java.net.UnknownHostException: dummy.restapiexample.com
	at java.net.Inet6AddressImpl.lookupAllHostAddr(Native Method)
	at java.net.InetAddress$2.lookupAllHostAddr(InetAddress.java:929)
	at java.net.InetAddress.getAddressesFromNameService(InetAddress.java:1324)
	at java.net.InetAddress.getAllByName0(InetAddress.java:1277)
	at java.net.InetAddress.getAllByName(InetAddress.java:1193)
	at java.net.InetAddress.getAllByName(InetAddress.java:1127)
	at org.apache.http.impl.conn.SystemDefaultDnsResolver.resolve(SystemDefaultDnsResolver.java:45)
	at org.apache.http.impl.conn.DefaultClientConnectionOperator.resolveHostname(DefaultClientConnectionOperator.java:263)
	at org.apache.http.impl.conn.DefaultClientConnectionOperator.openConnection(DefaultClientConnectionOperator.java:162)
	at org.apache.http.impl.conn.ManagedClientConnectionImpl.open(ManagedClientConnectionImpl.java:326)
	at org.apache.http.impl.client.DefaultRequestDirector.tryExecute(DefaultRequestDirector.java:668)
	at org.apache.http.impl.client.DefaultRequestDirector.execute(DefaultRequestDirector.java:481)
	at org.apache.http.impl.client.AbstractHttpClient.doExecute(AbstractHttpClient.java:835)
	at org.apache.http.impl.client.CloseableHttpClient.execute(CloseableHttpClient.java:83)
	at io.restassured.internal.RestAssuredHttpBuilder.doRequest(RestAssuredHttpBuilder.java:141)
	at io.restassured.internal.http.HTTPBuilder.doRequest(HTTPBuilder.java:496)
	at io.restassured.internal.http.HTTPBuilder.request(HTTPBuilder.java:453)
	at io.restassured.internal.http.HTTPBuilder$request$3.call(Unknown Source)
	at io.restassured.internal.RequestSpecificationImpl.sendHttpRequest(RequestSpecificationImpl.groovy:1466)
	at io.restassured.internal.RequestSpecificationImpl.this$2$sendHttpRequest(RequestSpecificationImpl.groovy)
	at groovy.lang.MetaMethod.doMethodInvoke(MetaMethod.java:328)
	at groovy.lang.MetaClassImpl.doInvokeMethod(MetaClassImpl.java:1369)
	at groovy.lang.MetaClassImpl.invokeMethod(MetaClassImpl.java:1103)
	at groovy.lang.MetaClassImpl.invokeMethod(MetaClassImpl.java:1009)
	at groovy.lang.MetaClassImpl.invokeMethod(MetaClassImpl.java:792)
	at io.restassured.internal.RequestSpecificationImpl.invokeMethod(RequestSpecificationImpl.groovy)
	at org.codehaus.groovy.runtime.callsite.PogoInterceptableSite.call(PogoInterceptableSite.java:46)
	at org.codehaus.groovy.runtime.callsite.PogoInterceptableSite.callCurrent(PogoInterceptableSite.java:57)
	at io.restassured.internal.RequestSpecificationImpl.sendRequest(RequestSpecificationImpl.groovy:1215)
	at io.restassured.internal.RequestSpecificationImpl.this$2$sendRequest(RequestSpecificationImpl.groovy)
	at groovy.lang.MetaMethod.doMethodInvoke(MetaMethod.java:328)
	at groovy.lang.MetaClassImpl.doInvokeMethod(MetaClassImpl.java:1369)
	at groovy.lang.MetaClassImpl.invokeMethod(MetaClassImpl.java:1103)
	at groovy.lang.MetaClassImpl.invokeMethod(MetaClassImpl.java:1009)
	at groovy.lang.MetaClassImpl.invokeMethod(MetaClassImpl.java:792)
	at io.restassured.internal.RequestSpecificationImpl.invokeMethod(RequestSpecificationImpl.groovy)
	at org.codehaus.groovy.runtime.callsite.PogoInterceptableSite.call(PogoInterceptableSite.java:46)
	at org.codehaus.groovy.runtime.callsite.AbstractCallSite.call(AbstractCallSite.java:166)
	at io.restassured.internal.filter.SendRequestFilter.filter(SendRequestFilter.groovy:30)
	at io.restassured.filter.Filter$filter$0.call(Unknown Source)
	at org.codehaus.groovy.runtime.callsite.CallSiteArray.defaultCall(CallSiteArray.java:46)
	at io.restassured.filter.Filter$filter.call(Unknown Source)
	at io.restassured.internal.filter.FilterContextImpl.next(FilterContextImpl.groovy:72)
	at io.restassured.filter.time.TimingFilter.filter(TimingFilter.java:56)
	at io.restassured.filter.Filter$filter.call(Unknown Source)
	at org.codehaus.groovy.runtime.callsite.CallSiteArray.defaultCall(CallSiteArray.java:46)
	at io.restassured.filter.Filter$filter$0.call(Unknown Source)
	at io.restassured.internal.filter.FilterContextImpl.next(FilterContextImpl.groovy:72)
	at io.restassured.filter.FilterContext$next.call(Unknown Source)
	at io.restassured.internal.RequestSpecificationImpl.applyPathParamsAndSendRequest(RequestSpecificationImpl.groovy:1686)
	at io.restassured.internal.RequestSpecificationImpl.this$2$applyPathParamsAndSendRequest(RequestSpecificationImpl.groovy)
	at groovy.lang.MetaMethod.doMethodInvoke(MetaMethod.java:328)
	at groovy.lang.MetaClassImpl.doInvokeMethod(MetaClassImpl.java:1369)
	at groovy.lang.MetaClassImpl.invokeMethod(MetaClassImpl.java:1103)
	at groovy.lang.MetaClassImpl.invokeMethod(MetaClassImpl.java:1009)
	at groovy.lang.MetaClassImpl.invokeMethod(MetaClassImpl.java:792)
	at io.restassured.internal.RequestSpecificationImpl.invokeMethod(RequestSpecificationImpl.groovy)
	at org.codehaus.groovy.runtime.callsite.PogoInterceptableSite.call(PogoInterceptableSite.java:46)
	at org.codehaus.groovy.runtime.callsite.PogoInterceptableSite.callCurrent(PogoInterceptableSite.java:57)
	at org.codehaus.groovy.runtime.callsite.AbstractCallSite.callCurrent(AbstractCallSite.java:203)
	at io.restassured.internal.RequestSpecificationImpl.request(RequestSpecificationImpl.groovy:300)
	at io.restassured.internal.RequestSpecificationImpl.request(RequestSpecificationImpl.groovy)
	at groovy.lang.MetaMethod.doMethodInvoke(MetaMethod.java:328)
	at groovy.lang.MetaClassImpl.doInvokeMethod(MetaClassImpl.java:1369)
	at groovy.lang.MetaClassImpl.invokeMethod(MetaClassImpl.java:1103)
	at groovy.lang.MetaClassImpl.invokeMethod(MetaClassImpl.java:1009)
	at groovy.lang.MetaClassImpl.invokeMethod(MetaClassImpl.java:792)
	at io.restassured.internal.RequestSpecificationImpl.invokeMethod(RequestSpecificationImpl.groovy)
	at org.codehaus.groovy.runtime.callsite.PogoInterceptableSite.call(PogoInterceptableSite.java:46)
	at org.codehaus.groovy.runtime.callsite.PogoInterceptableSite.callCurrent(PogoInterceptableSite.java:57)
	at org.codehaus.groovy.runtime.callsite.AbstractCallSite.callCurrent(AbstractCallSite.java:203)
	at io.restassured.internal.RequestSpecificationImpl.request(RequestSpecificationImpl.groovy:296)
	at io.restassured.internal.RequestSpecificationImpl.request(RequestSpecificationImpl.groovy)
	at employee.testcases.TC001_Get_All_Employees.getAllEmployees(TC001_Get_All_Employees.java:19)
... Removed 44 stack frames]]>
    </failure>
  </testcase> <!-- @BeforeClass getAllEmployees -->
  <testcase name="@AfterClass tearDown" time="0.0" classname="employee.testcases.TC001_Get_All_Employees">
    <skipped/>
  </testcase> <!-- @AfterClass tearDown -->
  <testcase name="checkContentType" time="0.01" classname="employee.testcases.TC003_Post_Employee">
    <failure type="java.lang.AssertionError" message="expected [application/json] but found [text/html; charset=UTF-8]">
      <![CDATA[java.lang.AssertionError: expected [application/json] but found [text/html; charset=UTF-8]
	at employee.testcases.TC003_Post_Employee.checkContentType(TC003_Post_Employee.java:78)
... Removed 30 stack frames]]>
    </failure>
  </testcase> <!-- checkContentType -->
  <testcase name="checkResponseBody" time="0.032" classname="employee.testcases.TC003_Post_Employee">
    <failure type="java.lang.AssertionError" message="expected [true] but found [false]">
      <![CDATA[java.lang.AssertionError: expected [true] but found [false]
	at employee.testcases.TC003_Post_Employee.checkResponseBody(TC003_Post_Employee.java:54)
... Removed 30 stack frames]]>
    </failure>
  </testcase> <!-- checkResponseBody -->
  <testcase name="checkServerType" time="0.001" classname="employee.testcases.TC003_Post_Employee"/>
  <testcase name="checkStatusCode" time="0.001" classname="employee.testcases.TC003_Post_Employee">
    <failure type="java.lang.AssertionError" message="expected [200] but found [429]">
      <![CDATA[java.lang.AssertionError: expected [200] but found [429]
	at employee.testcases.TC003_Post_Employee.checkStatusCode(TC003_Post_Employee.java:63)
... Removed 30 stack frames]]>
    </failure>
  </testcase> <!-- checkStatusCode -->
  <testcase name="checkStatusLine" time="0.002" classname="employee.testcases.TC003_Post_Employee">
    <failure type="java.lang.AssertionError" message="expected [HTTP/1.1 200 OK] but found [HTTP/1.1 429 Too Many Requests]">
      <![CDATA[java.lang.AssertionError: expected [HTTP/1.1 200 OK] but found [HTTP/1.1 429 Too Many Requests]
	at employee.testcases.TC003_Post_Employee.checkStatusLine(TC003_Post_Employee.java:70)
... Removed 30 stack frames]]>
    </failure>
  </testcase> <!-- checkStatusLine -->
  <testcase name="checkcontentEncoding" time="0.002" classname="employee.testcases.TC003_Post_Employee"/>
  <testcase name="checkContentType" time="0.001" classname="employee.testcases.TC005_Delete_Employee_Record"/>
  <testcase name="checkResponseBody" time="0.007" classname="employee.testcases.TC005_Delete_Employee_Record"/>
  <testcase name="checkStatusCode" time="0.001" classname="employee.testcases.TC005_Delete_Employee_Record"/>
  <testcase name="checkStatusLine" time="0.003" classname="employee.testcases.TC005_Delete_Employee_Record"/>
  <testcase name="checkcontentlength" time="0.002" classname="employee.testcases.TC005_Delete_Employee_Record"/>
  <testcase name="checkContentLength" time="0.001" classname="employee.testcases.TC002_Get_Single_Employees_Record"/>
  <testcase name="checkContentType" time="0.003" classname="employee.testcases.TC002_Get_Single_Employees_Record">
    <failure type="java.lang.AssertionError" message="expected [application/json] but found [text/html; charset=UTF-8]">
      <![CDATA[java.lang.AssertionError: expected [application/json] but found [text/html; charset=UTF-8]
	at employee.testcases.TC002_Get_Single_Employees_Record.checkContentType(TC002_Get_Single_Employees_Record.java:63)
... Removed 30 stack frames]]>
    </failure>
  </testcase> <!-- checkContentType -->
  <testcase name="checkResponseBody" time="0.004" classname="employee.testcases.TC002_Get_Single_Employees_Record">
    <failure type="java.lang.AssertionError" message="expected [true] but found [false]">
      <![CDATA[java.lang.AssertionError: expected [true] but found [false]
	at employee.testcases.TC002_Get_Single_Employees_Record.checkResponseBody(TC002_Get_Single_Employees_Record.java:37)
... Removed 30 stack frames]]>
    </failure>
  </testcase> <!-- checkResponseBody -->
  <testcase name="checkServerType" time="0.001" classname="employee.testcases.TC002_Get_Single_Employees_Record"/>
  <testcase name="checkStatusCode" time="0.001" classname="employee.testcases.TC002_Get_Single_Employees_Record">
    <failure type="java.lang.AssertionError" message="expected [200] but found [429]">
      <![CDATA[java.lang.AssertionError: expected [200] but found [429]
	at employee.testcases.TC002_Get_Single_Employees_Record.checkStatusCode(TC002_Get_Single_Employees_Record.java:44)
... Removed 30 stack frames]]>
    </failure>
  </testcase> <!-- checkStatusCode -->
  <testcase name="checkStatusLine" time="0.001" classname="employee.testcases.TC002_Get_Single_Employees_Record">
    <failure type="java.lang.AssertionError" message="expected [HTTP/1.1 200 OK] but found [HTTP/1.1 429 Too Many Requests]">
      <![CDATA[java.lang.AssertionError: expected [HTTP/1.1 200 OK] but found [HTTP/1.1 429 Too Many Requests]
	at employee.testcases.TC002_Get_Single_Employees_Record.checkStatusLine(TC002_Get_Single_Employees_Record.java:56)
... Removed 30 stack frames]]>
    </failure>
  </testcase> <!-- checkStatusLine -->
  <testcase name="checkContentType" time="0.002" classname="employee.testcases.TC004_Put_Employee_Record">
    <failure type="java.lang.AssertionError" message="expected [application/json] but found [text/html; charset=UTF-8]">
      <![CDATA[java.lang.AssertionError: expected [application/json] but found [text/html; charset=UTF-8]
	at employee.testcases.TC004_Put_Employee_Record.checkContentType(TC004_Put_Employee_Record.java:78)
... Removed 30 stack frames]]>
    </failure>
  </testcase> <!-- checkContentType -->
  <testcase name="checkResponseBody" time="0.002" classname="employee.testcases.TC004_Put_Employee_Record">
    <failure type="java.lang.AssertionError" message="expected [true] but found [false]">
      <![CDATA[java.lang.AssertionError: expected [true] but found [false]
	at employee.testcases.TC004_Put_Employee_Record.checkResponseBody(TC004_Put_Employee_Record.java:54)
... Removed 30 stack frames]]>
    </failure>
  </testcase> <!-- checkResponseBody -->
  <testcase name="checkServerType" time="0.001" classname="employee.testcases.TC004_Put_Employee_Record"/>
  <testcase name="checkStatusCode" time="0.001" classname="employee.testcases.TC004_Put_Employee_Record">
    <failure type="java.lang.AssertionError" message="expected [200] but found [429]">
      <![CDATA[java.lang.AssertionError: expected [200] but found [429]
	at employee.testcases.TC004_Put_Employee_Record.checkStatusCode(TC004_Put_Employee_Record.java:63)
... Removed 30 stack frames]]>
    </failure>
  </testcase> <!-- checkStatusCode -->
  <testcase name="checkStatusLine" time="0.001" classname="employee.testcases.TC004_Put_Employee_Record">
    <failure type="java.lang.AssertionError" message="expected [HTTP/1.1 200 OK] but found [HTTP/1.1 429 Too Many Requests]">
      <![CDATA[java.lang.AssertionError: expected [HTTP/1.1 200 OK] but found [HTTP/1.1 429 Too Many Requests]
	at employee.testcases.TC004_Put_Employee_Record.checkStatusLine(TC004_Put_Employee_Record.java:70)
... Removed 30 stack frames]]>
    </failure>
  </testcase> <!-- checkStatusLine -->
  <testcase name="checkcontentEncoding" time="0.001" classname="employee.testcases.TC004_Put_Employee_Record"/>
  <testcase name="checkContentLength" time="0.001" classname="employee.testcases.TC001_Get_All_Employees">
    <skipped/>
  </testcase> <!-- checkContentLength -->
  <testcase name="checkContentType" time="0.001" classname="employee.testcases.TC001_Get_All_Employees">
    <skipped/>
  </testcase> <!-- checkContentType -->
  <testcase name="checkCookies" time="0.002" classname="employee.testcases.TC001_Get_All_Employees">
    <skipped/>
  </testcase> <!-- checkCookies -->
  <testcase name="checkResponseBody" time="0.002" classname="employee.testcases.TC001_Get_All_Employees">
    <skipped/>
  </testcase> <!-- checkResponseBody -->
  <testcase name="checkResponseTime" time="0.001" classname="employee.testcases.TC001_Get_All_Employees">
    <skipped/>
  </testcase> <!-- checkResponseTime -->
  <testcase name="checkServerType" time="0.0" classname="employee.testcases.TC001_Get_All_Employees">
    <skipped/>
  </testcase> <!-- checkServerType -->
  <testcase name="checkStatusCode" time="0.0" classname="employee.testcases.TC001_Get_All_Employees">
    <skipped/>
  </testcase> <!-- checkStatusCode -->
  <testcase name="checkStatusLine" time="0.001" classname="employee.testcases.TC001_Get_All_Employees">
    <skipped/>
  </testcase> <!-- checkStatusLine -->
  <testcase name="checkcontentEncoding" time="0.001" classname="employee.testcases.TC001_Get_All_Employees">
    <skipped/>
  </testcase> <!-- checkcontentEncoding -->
</testsuite> <!-- Test -->
